

================================================================================
PART 1: Module-wise Analysis (Layer 0 Only)
================================================================================
================================================================================
Vision Module (Layer 0)
================================================================================
++++++++++++++++++++++++++++++++++++++++++++++++++
Layer name: visual.blocks.0.attn.qkv.weight
U matrix shape (3840, 1280)
U Rotation matrix shape: (1280, 1280)
Vh matrix shape (1280, 1280)
Vh Rotation matrix shape: (1280, 1280)

[U] MSE between R4 (R1 @ R2) and R3 (direct base -> rl2): 1.900093e-12
[Vh] MSE between R4 (R1 @ R2) and R3 (direct base -> rl2): 2.892519e-15
++++++++++++++++++++++++++++++++++++++++++++++++++
Layer name: visual.blocks.0.attn.proj.weight
U matrix shape (1280, 1280)
U Rotation matrix shape: (1280, 1280)
Vh matrix shape (1280, 1280)
Vh Rotation matrix shape: (1280, 1280)

[U] MSE between R4 (R1 @ R2) and R3 (direct base -> rl2): 2.859286e-15
[Vh] MSE between R4 (R1 @ R2) and R3 (direct base -> rl2): 2.867622e-15
++++++++++++++++++++++++++++++++++++++++++++++++++
Layer name: visual.blocks.0.mlp.gate_proj.weight
U matrix shape (3420, 1280)
U Rotation matrix shape: (1280, 1280)
Vh matrix shape (1280, 1280)
Vh Rotation matrix shape: (1280, 1280)

[U] MSE between R4 (R1 @ R2) and R3 (direct base -> rl2): 5.047957e-13
[Vh] MSE between R4 (R1 @ R2) and R3 (direct base -> rl2): 3.014161e-15
++++++++++++++++++++++++++++++++++++++++++++++++++
Layer name: visual.blocks.0.mlp.up_proj.weight
U matrix shape (3420, 1280)
U Rotation matrix shape: (1280, 1280)
Vh matrix shape (1280, 1280)
Vh Rotation matrix shape: (1280, 1280)

[U] MSE between R4 (R1 @ R2) and R3 (direct base -> rl2): 4.909347e-13
[Vh] MSE between R4 (R1 @ R2) and R3 (direct base -> rl2): 2.986379e-15
++++++++++++++++++++++++++++++++++++++++++++++++++
Layer name: visual.blocks.0.mlp.down_proj.weight
U matrix shape (1280, 1280)
U Rotation matrix shape: (1280, 1280)
Vh matrix shape (1280, 3420)
Vh Rotation matrix shape: (1280, 1280)

[U] MSE between R4 (R1 @ R2) and R3 (direct base -> rl2): 2.943785e-15
[Vh] MSE between R4 (R1 @ R2) and R3 (direct base -> rl2): 9.087408e-13

================================================================================
Vision Module (Layer 0) - Summary Statistics
================================================================================
Average [U] MSE: 5.803253e-13
Average [Vh] MSE: 1.841003e-13
Std [U] MSE: 6.960343e-13
Std [Vh] MSE: 3.623203e-13



================================================================================
PART 2: Cross-Layer Analysis
================================================================================
Processed visual.blocks.0.attn.qkv.weight: U=1.900093e-12, Vh=2.892519e-15
Processed visual.blocks.1.attn.qkv.weight: U=1.494753e-12, Vh=2.955385e-15
Processed visual.blocks.2.attn.qkv.weight: U=1.216720e-12, Vh=2.904515e-15
Processed visual.blocks.3.attn.qkv.weight: U=8.889155e-13, Vh=3.066789e-15
Processed visual.blocks.4.attn.qkv.weight: U=4.806327e-13, Vh=3.033429e-15
Processed visual.blocks.5.attn.qkv.weight: U=3.347955e-13, Vh=3.104844e-15
Processed visual.blocks.6.attn.qkv.weight: U=2.696498e-13, Vh=2.971866e-15
Processed visual.blocks.7.attn.qkv.weight: U=2.161393e-13, Vh=3.226031e-15
Processed visual.blocks.0.attn.proj.weight: U=2.859286e-15, Vh=2.867622e-15
Processed visual.blocks.1.attn.proj.weight: U=2.789505e-15, Vh=2.799365e-15
Processed visual.blocks.2.attn.proj.weight: U=2.917010e-15, Vh=2.950379e-15
Processed visual.blocks.3.attn.proj.weight: U=2.829952e-15, Vh=2.867071e-15
Processed visual.blocks.4.attn.proj.weight: U=2.946299e-15, Vh=2.933701e-15
Processed visual.blocks.5.attn.proj.weight: U=3.008558e-15, Vh=3.008039e-15
Processed visual.blocks.6.attn.proj.weight: U=2.862713e-15, Vh=2.926249e-15
Processed visual.blocks.7.attn.proj.weight: U=2.877008e-15, Vh=2.881366e-15
Processed visual.blocks.0.mlp.gate_proj.weight: U=5.047957e-13, Vh=3.014161e-15
Processed visual.blocks.1.mlp.gate_proj.weight: U=4.517326e-13, Vh=2.894985e-15
Processed visual.blocks.2.mlp.gate_proj.weight: U=2.495180e-13, Vh=3.010715e-15
Processed visual.blocks.3.mlp.gate_proj.weight: U=2.090917e-13, Vh=3.105126e-15
Processed visual.blocks.4.mlp.gate_proj.weight: U=1.719550e-13, Vh=3.091115e-15
Processed visual.blocks.5.mlp.gate_proj.weight: U=1.442798e-13, Vh=3.104469e-15
Processed visual.blocks.6.mlp.gate_proj.weight: U=1.202381e-13, Vh=3.294848e-15
Processed visual.blocks.7.mlp.gate_proj.weight: U=1.124289e-13, Vh=3.179440e-15
Processed visual.blocks.0.mlp.up_proj.weight: U=4.909347e-13, Vh=2.986379e-15
Processed visual.blocks.1.mlp.up_proj.weight: U=5.028065e-13, Vh=2.903555e-15
Processed visual.blocks.2.mlp.up_proj.weight: U=3.176093e-13, Vh=2.949194e-15
Processed visual.blocks.3.mlp.up_proj.weight: U=2.138480e-13, Vh=3.104302e-15
Processed visual.blocks.4.mlp.up_proj.weight: U=1.774683e-13, Vh=3.151583e-15
Processed visual.blocks.5.mlp.up_proj.weight: U=1.472346e-13, Vh=3.145084e-15
Processed visual.blocks.6.mlp.up_proj.weight: U=3.267679e-13, Vh=3.414996e-15
Processed visual.blocks.7.mlp.up_proj.weight: U=1.365803e-13, Vh=3.305906e-15
Processed visual.blocks.0.mlp.down_proj.weight: U=2.943785e-15, Vh=9.087408e-13
Processed visual.blocks.1.mlp.down_proj.weight: U=3.012617e-15, Vh=5.360818e-13
Processed visual.blocks.2.mlp.down_proj.weight: U=3.009404e-15, Vh=3.843473e-13
Processed visual.blocks.3.mlp.down_proj.weight: U=3.153357e-15, Vh=1.704569e-13
Processed visual.blocks.4.mlp.down_proj.weight: U=3.096806e-15, Vh=1.487895e-13
Processed visual.blocks.5.mlp.down_proj.weight: U=3.194438e-15, Vh=1.407132e-13
Processed visual.blocks.6.mlp.down_proj.weight: U=3.186142e-15, Vh=2.440476e-13
Processed visual.blocks.7.mlp.down_proj.weight: U=3.247824e-15, Vh=1.773570e-13

✓ Saved rotation MSE curves to rotation_mse_curves.png
